<?xml version="1.0" encoding="UTF-8"?>
<testsuite xmlns:xsi="http://www.w3.org/2001/XMLSchema-instance" xsi:noNamespaceSchemaLocation="https://maven.apache.org/surefire/maven-surefire-plugin/xsd/surefire-test-report-3.0.xsd" version="3.0" name="com.knowledgegap.platform.controller.CurriculumIntegrationTest" time="13.609" tests="1" errors="0" skipped="0" failures="0">
  <properties>
[...]
</properties>
  <testcase name="endToEndCurriculumAndPrerequisiteFlow" classname="com.knowledgegap.platform.controller.CurriculumIntegrationTest" time="2.256">
    <system-out><![CDATA[23:19:53.247 [main] INFO org.springframework.test.context.support.AnnotationConfigContextLoaderUtils -- Could not detect default configuration classes for test class [com.knowledgegap.platform.controller.CurriculumIntegrationTest]: CurriculumIntegrationTest does not declare any static, non-private, non-final, nested classes annotated with @Configuration.
23:19:53.510 [main] INFO org.springframework.boot.test.context.SpringBootTestContextBootstrapper -- Found @SpringBootConfiguration com.knowledgegap.platform.KnowledgeGapApplication for test class com.knowledgegap.platform.controller.CurriculumIntegrationTest

  .   ____          _            __ _ _
 /\\ / ___'_ __ _ _(_)_ __  __ _ \ \ \ \
( ( )\___ | '_ | '_| | '_ \/ _` | \ \ \ \
 \\/  ___)| |_)| | | | | || (_| |  ) ) ) )
  '  |____| .__|_| |_|_| |_\__, | / / / /
 =========|_|==============|___/=/_/_/_/

 :: Spring Boot ::                (v3.3.5)

2026-08-19T23:19:54.253+05:30  INFO 13095 --- [knowledge-gap-backend] [           main] c.k.p.c.CurriculumIntegrationTest        : Starting CurriculumIntegrationTest using Java 21.0.10 with PID 13095 (started by nirajkumarthakur in /Users/nirajkumarthakur/Desktop/prabhu/knowledge-gap-intell/backend)
2026-08-19T23:19:54.255+05:30  INFO 13095 --- [knowledge-gap-backend] [           main] c.k.p.c.CurriculumIntegrationTest        : The following 1 profile is active: "test"
2026-08-19T23:19:55.987+05:30  INFO 13095 --- [knowledge-gap-backend] [           main] .s.d.r.c.RepositoryConfigurationDelegate : Bootstrapping Spring Data JPA repositories in DEFAULT mode.
2026-08-19T23:19:56.171+05:30  INFO 13095 --- [knowledge-gap-backend] [           main] .s.d.r.c.RepositoryConfigurationDelegate : Finished Spring Data repository scanning in 177 ms. Found 11 JPA repository interfaces.
2026-08-19T23:19:57.148+05:30  INFO 13095 --- [knowledge-gap-backend] [           main] com.zaxxer.hikari.HikariDataSource       : HikariPool-1 - Starting...
2026-08-19T23:19:57.538+05:30  INFO 13095 --- [knowledge-gap-backend] [           main] com.zaxxer.hikari.pool.HikariPool        : HikariPool-1 - Added connection conn0: url=jdbc:h2:mem:testdb user=SA
2026-08-19T23:19:57.547+05:30  INFO 13095 --- [knowledge-gap-backend] [           main] com.zaxxer.hikari.HikariDataSource       : HikariPool-1 - Start completed.
2026-08-19T23:19:57.686+05:30  INFO 13095 --- [knowledge-gap-backend] [           main] org.flywaydb.core.FlywayExecutor         : Database: jdbc:h2:mem:testdb (H2 2.2)
2026-08-19T23:19:57.734+05:30  WARN 13095 --- [knowledge-gap-backend] [           main] o.f.c.internal.database.base.Database    : Flyway upgrade recommended: H2 2.2.224 is newer than this version of Flyway and support has not been tested. The latest supported version of H2 is 2.2.220.
2026-08-19T23:19:57.767+05:30  INFO 13095 --- [knowledge-gap-backend] [           main] o.f.c.i.s.JdbcTableSchemaHistory         : Schema history table "public"."flyway_schema_history" does not exist yet
2026-08-19T23:19:57.773+05:30  INFO 13095 --- [knowledge-gap-backend] [           main] o.f.core.internal.command.DbValidate     : Successfully validated 2 migrations (execution time 00:00.025s)
2026-08-19T23:19:57.791+05:30  INFO 13095 --- [knowledge-gap-backend] [           main] o.f.c.i.s.JdbcTableSchemaHistory         : Creating Schema History table "public"."flyway_schema_history" ...
2026-08-19T23:19:57.903+05:30  INFO 13095 --- [knowledge-gap-backend] [           main] o.f.core.internal.command.DbMigrate      : Current version of schema "public": << Empty Schema >>
2026-08-19T23:19:57.922+05:30  INFO 13095 --- [knowledge-gap-backend] [           main] o.f.core.internal.command.DbMigrate      : Migrating schema "public" to version "1 - init schema"
2026-08-19T23:19:57.994+05:30  INFO 13095 --- [knowledge-gap-backend] [           main] o.f.core.internal.command.DbMigrate      : Migrating schema "public" to version "2 - learning and assessment schema"
2026-08-19T23:19:58.054+05:30  INFO 13095 --- [knowledge-gap-backend] [           main] o.f.core.internal.command.DbMigrate      : Successfully applied 2 migrations to schema "public", now at version v2 (execution time 00:00.072s)
2026-08-19T23:19:58.388+05:30  INFO 13095 --- [knowledge-gap-backend] [           main] o.hibernate.jpa.internal.util.LogHelper  : HHH000204: Processing PersistenceUnitInfo [name: default]
2026-08-19T23:19:58.465+05:30  INFO 13095 --- [knowledge-gap-backend] [           main] org.hibernate.Version                    : HHH000412: Hibernate ORM core version 6.5.3.Final
2026-08-19T23:19:58.502+05:30  INFO 13095 --- [knowledge-gap-backend] [           main] o.h.c.internal.RegionFactoryInitiator    : HHH000026: Second-level cache disabled
2026-08-19T23:19:58.835+05:30  INFO 13095 --- [knowledge-gap-backend] [           main] o.s.o.j.p.SpringPersistenceUnitInfo      : No LoadTimeWeaver setup: ignoring JPA class transformer
2026-08-19T23:19:58.896+05:30  WARN 13095 --- [knowledge-gap-backend] [           main] org.hibernate.orm.deprecation            : HHH90000025: H2Dialect does not need to be specified explicitly using 'hibernate.dialect' (remove the property setting and it will be selected by default)
2026-08-19T23:20:00.756+05:30  INFO 13095 --- [knowledge-gap-backend] [           main] o.h.e.t.j.p.i.JtaPlatformInitiator       : HHH000489: No JTA platform available (set 'hibernate.transaction.jta.platform' to enable JTA platform integration)
2026-08-19T23:20:00.809+05:30  INFO 13095 --- [knowledge-gap-backend] [           main] j.LocalContainerEntityManagerFactoryBean : Initialized JPA EntityManagerFactory for persistence unit 'default'
2026-08-19T23:20:01.486+05:30  INFO 13095 --- [knowledge-gap-backend] [           main] o.s.d.j.r.query.QueryEnhancerFactory     : Hibernate is in classpath; If applicable, HQL parser will be used.
2026-08-19T23:20:03.039+05:30  WARN 13095 --- [knowledge-gap-backend] [           main] JpaBaseConfiguration$JpaWebConfiguration : spring.jpa.open-in-view is enabled by default. Therefore, database queries may be performed during view rendering. Explicitly configure spring.jpa.open-in-view to disable this warning
2026-08-19T23:20:04.159+05:30  INFO 13095 --- [knowledge-gap-backend] [           main] o.s.b.t.m.w.SpringBootMockServletContext : Initializing Spring TestDispatcherServlet ''
2026-08-19T23:20:04.163+05:30  INFO 13095 --- [knowledge-gap-backend] [           main] o.s.t.web.servlet.TestDispatcherServlet  : Initializing Servlet ''
2026-08-19T23:20:04.166+05:30  INFO 13095 --- [knowledge-gap-backend] [           main] o.s.t.web.servlet.TestDispatcherServlet  : Completed initialization in 1 ms
2026-08-19T23:20:04.215+05:30  INFO 13095 --- [knowledge-gap-backend] [           main] c.k.p.c.CurriculumIntegrationTest        : Started CurriculumIntegrationTest in 10.524 seconds (process running for 12.393)
Hibernate: 
    select
        s1_0.id 
    from
        subjects s1_0 
    where
        s1_0.name=? 
    fetch
        first ? rows only
Hibernate: 
    insert 
    into
        subjects
        (created_at, description, name, updated_at, id) 
    values
        (?, ?, ?, ?, ?)
Hibernate: 
    select
        t1_0.id 
    from
        topics t1_0 
    where
        t1_0.subject_id=? 
        and t1_0.name=? 
    fetch
        first ? rows only
Hibernate: 
    insert 
    into
        topics
        (created_at, description, name, subject_id, updated_at, id) 
    values
        (?, ?, ?, ?, ?, ?)
Hibernate: 
    select
        c1_0.id 
    from
        concepts c1_0 
    where
        c1_0.topic_id=? 
        and c1_0.name=? 
    fetch
        first ? rows only
Hibernate: 
    insert 
    into
        concepts
        (created_at, description, name, topic_id, updated_at, id) 
    values
        (?, ?, ?, ?, ?, ?)
Hibernate: 
    select
        c1_0.id 
    from
        concepts c1_0 
    where
        c1_0.topic_id=? 
        and c1_0.name=? 
    fetch
        first ? rows only
Hibernate: 
    select
        cp1_0.id 
    from
        concept_prerequisites cp1_0 
    where
        cp1_0.prerequisite_concept_id=? 
        and cp1_0.target_concept_id=? 
    fetch
        first ? rows only
Hibernate: 
    select
        cp1_0.id,
        cp1_0.created_at,
        cp1_0.dependency_type,
        cp1_0.prerequisite_concept_id,
        cp1_0.target_concept_id,
        cp1_0.weight 
    from
        concept_prerequisites cp1_0 
    where
        cp1_0.prerequisite_concept_id=?
Hibernate: 
    insert 
    into
        concepts
        (created_at, description, name, topic_id, updated_at, id) 
    values
        (?, ?, ?, ?, ?, ?)
Hibernate: 
    insert 
    into
        concept_prerequisites
        (created_at, dependency_type, prerequisite_concept_id, target_concept_id, weight, id) 
    values
        (?, ?, ?, ?, ?, ?)
Hibernate: 
    select
        count(*) 
    from
        concepts c1_0 
    where
        c1_0.id=?
Hibernate: 
    select
        cp1_0.id,
        cp1_0.created_at,
        cp1_0.dependency_type,
        cp1_0.prerequisite_concept_id,
        cp1_0.target_concept_id,
        cp1_0.weight 
    from
        concept_prerequisites cp1_0 
    where
        cp1_0.target_concept_id=?
]]></system-out>
    <system-err><![CDATA[WARNING: A Java agent has been loaded dynamically (/Users/nirajkumarthakur/.m2/repository/net/bytebuddy/byte-buddy-agent/1.14.19/byte-buddy-agent-1.14.19.jar)
WARNING: If a serviceability tool is in use, please run with -XX:+EnableDynamicAgentLoading to hide this warning
WARNING: If a serviceability tool is not in use, please run with -Djdk.instrument.traceUsage for more information
WARNING: Dynamic loading of agents will be disallowed by default in a future release
]]></system-err>
  </testcase>
</testsuite>